<?xml version="1.0" encoding="UTF-8"?>
<coverage generated="1696678677673" clover="3.2.0">
  <project timestamp="1696678677674" name="All files">
    <metrics statements="6" coveredstatements="3" conditionals="0" coveredconditionals="0" methods="1" coveredmethods="1" elements="7" coveredelements="4" complexity="0" loc="6" ncloc="6" packages="2" files="4" classes="4"/>
    <package name="src">
      <metrics statements="3" coveredstatements="0" conditionals="0" coveredconditionals="0" methods="0" coveredmethods="0"/>
      <file name="env.d.ts" path="/Users/xiaoyuhan/projects/github/Todo-list-projects-in-multiple-ways/todo-react-typescript-vite/src/env.d.ts">
        <metrics statements="0" coveredstatements="0" conditionals="0" coveredconditionals="0" methods="0" coveredmethods="0"/>
      </file>
      <file name="main.tsx" path="/Users/xiaoyuhan/projects/github/Todo-list-projects-in-multiple-ways/todo-react-typescript-vite/src/main.tsx">
        <metrics statements="3" coveredstatements="0" conditionals="0" coveredconditionals="0" methods="0" coveredmethods="0"/>
        <line num="2" count="0" type="stmt"/>
        <line num="3" count="0" type="stmt"/>
        <line num="5" count="0" type="stmt"/>
      </file>
      <file name="vite-env.d.ts" path="/Users/xiaoyuhan/projects/github/Todo-list-projects-in-multiple-ways/todo-react-typescript-vite/src/vite-env.d.ts">
        <metrics statements="0" coveredstatements="0" conditionals="0" coveredconditionals="0" methods="0" coveredmethods="0"/>
      </file>
    </package>
    <package name="src.app">
      <metrics statements="3" coveredstatements="3" conditionals="0" coveredconditionals="0" methods="1" coveredmethods="1"/>
      <file name="App.tsx" path="/Users/xiaoyuhan/projects/github/Todo-list-projects-in-multiple-ways/todo-react-typescript-vite/src/app/App.tsx">
        <metrics statements="3" coveredstatements="3" conditionals="0" coveredconditionals="0" methods="1" coveredmethods="1"/>
        <line num="3" count="1" type="stmt"/>
        <line num="4" count="1" type="stmt"/>
        <line num="11" count="1" type="stmt"/>
      </file>
    </package>
  </project>
</coverage>
