{"/Users/xiaoyuhan/projects/github/Todo-list-projects-in-multiple-ways/todo-react-typescript-vite/src/env.d.ts": {"path":"/Users/xiaoyuhan/projects/github/Todo-list-projects-in-multiple-ways/todo-react-typescript-vite/src/env.d.ts","statementMap":{},"fnMap":{},"branchMap":{},"s":{},"f":{},"b":{},"inputSourceMap":null}
,"/Users/xiaoyuhan/projects/github/Todo-list-projects-in-multiple-ways/todo-react-typescript-vite/src/main.tsx": {"path":"/Users/xiaoyuhan/projects/github/Todo-list-projects-in-multiple-ways/todo-react-typescript-vite/src/main.tsx","statementMap":{"0":{"start":{"line":2,"column":0},"end":{"line":2,"column":40}},"1":{"start":{"line":3,"column":0},"end":{"line":3,"column":27}},"2":{"start":{"line":5,"column":0},"end":{"line":5,"column":84}}},"fnMap":{},"branchMap":{},"s":{"0":0,"1":0,"2":0},"f":{},"b":{}}
,"/Users/xiaoyuhan/projects/github/Todo-list-projects-in-multiple-ways/todo-react-typescript-vite/src/vite-env.d.ts": {"path":"/Users/xiaoyuhan/projects/github/Todo-list-projects-in-multiple-ways/todo-react-typescript-vite/src/vite-env.d.ts","statementMap":{},"fnMap":{},"branchMap":{},"s":{},"f":{},"b":{},"inputSourceMap":null}
,"/Users/xiaoyuhan/projects/github/Todo-list-projects-in-multiple-ways/todo-react-typescript-vite/src/app/App.tsx": {"path":"/Users/xiaoyuhan/projects/github/Todo-list-projects-in-multiple-ways/todo-react-typescript-vite/src/app/App.tsx","statementMap":{"0":{"start":{"line":3,"column":12},"end":{"line":9,"column":1}},"1":{"start":{"line":4,"column":4},"end":{"line":8,"column":6}},"2":{"start":{"line":11,"column":0},"end":{"line":11,"column":19}}},"fnMap":{"0":{"name":"(anonymous_0)","decl":{"start":{"line":3,"column":12},"end":{"line":3,"column":15}},"loc":{"start":{"line":3,"column":17},"end":{"line":9,"column":1}}}},"branchMap":{},"s":{"0":1,"1":1,"2":1},"f":{"0":1},"b":{}}
}
